2018-10-10 21:42:57,275 [Worker-1] INFO  c.g.t.t.d.PublishedGradleVersions - Gradle version information cache is not available. Remote download required.
2018-10-10 21:43:18,816 [Worker-6] INFO  org.eclipse.jetty.util.log - Logging initialized @104247ms to org.eclipse.jetty.util.log.Slf4jLog
2018-10-10 21:43:19,068 [Worker-6] INFO  org.eclipse.jetty.server.Server - jetty-9.4.8.v20171121, build timestamp: 2017-11-21T23:27:37+02:00, git hash: 82b8fb23f757335bb3329d540ce37a2a2615f0a8
2018-10-10 21:43:19,104 [Worker-6] INFO  org.eclipse.jetty.server.session - DefaultSessionIdManager workerName=node0
2018-10-10 21:43:19,104 [Worker-6] INFO  org.eclipse.jetty.server.session - No SessionScavenger set, using defaults
2018-10-10 21:43:19,106 [Worker-6] INFO  org.eclipse.jetty.server.session - Scavenging every 600000ms
2018-10-10 21:43:19,116 [Worker-6] INFO  o.e.j.server.handler.ContextHandler - Started o.e.j.s.ServletContextHandler@10aed8da{/welcome,file:///D:/work/wso2/bobi/eclipse/configuration/org.eclipse.osgi/1178/0/.cp/TemplateDash/,AVAILABLE}
2018-10-10 21:43:19,116 [Worker-6] INFO  o.e.j.server.handler.ContextHandler - Started o.e.j.s.ServletContextHandler@2eee13f1{/servlet,null,AVAILABLE}
2018-10-10 21:43:19,156 [Worker-6] INFO  o.e.jetty.server.AbstractConnector - Started ServerConnector@6d19e562{HTTP/1.1,[http/1.1]}{0.0.0.0:7774}
2018-10-10 21:43:19,156 [Worker-6] INFO  org.eclipse.jetty.server.Server - Started @104587ms
2018-10-10 21:49:34,740 [Worker-8] INFO  o.e.m.c.i.e.AbstractTransferListenerAdapter - Downloading http://maven.wso2.org/nexus/content/groups/wso2-public/org/wso2/maven/wso2-esb-api-plugin/2.1.0/wso2-esb-api-plugin-2.1.0.pom
2018-10-10 21:49:35,209 [Worker-8] INFO  o.e.m.c.i.e.AbstractTransferListenerAdapter - Downloaded http://maven.wso2.org/nexus/content/groups/wso2-public/org/wso2/maven/wso2-esb-api-plugin/2.1.0/wso2-esb-api-plugin-2.1.0.pom
2018-10-10 21:49:35,739 [Worker-8] INFO  o.e.m.c.i.e.AbstractTransferListenerAdapter - Downloading http://maven.wso2.org/nexus/content/groups/wso2-public/org/wso2/maven/maven-tools/5.0.0/maven-tools-5.0.0.pom
2018-10-10 21:49:36,268 [Worker-8] INFO  o.e.m.c.i.e.AbstractTransferListenerAdapter - Downloaded http://maven.wso2.org/nexus/content/groups/wso2-public/org/wso2/maven/maven-tools/5.0.0/maven-tools-5.0.0.pom
2018-10-10 21:49:36,547 [Worker-8] INFO  o.e.m.c.i.e.AbstractTransferListenerAdapter - Downloading http://maven.wso2.org/nexus/content/groups/wso2-public/org/wso2/wso2/1/wso2-1.pom
2018-10-10 21:49:36,805 [Worker-8] INFO  o.e.m.c.i.e.AbstractTransferListenerAdapter - Downloaded http://maven.wso2.org/nexus/content/groups/wso2-public/org/wso2/wso2/1/wso2-1.pom
2018-10-10 21:49:37,165 [Worker-8] INFO  o.e.m.c.i.e.AbstractTransferListenerAdapter - Downloading http://maven.wso2.org/nexus/content/groups/wso2-public/org/apache/maven/maven-model/3.0.2/maven-model-3.0.2.pom
2018-10-10 21:49:37,400 [Worker-8] INFO  o.e.m.c.i.e.AbstractTransferListenerAdapter - Downloaded http://maven.wso2.org/nexus/content/groups/wso2-public/org/apache/maven/maven-model/3.0.2/maven-model-3.0.2.pom
2018-10-10 21:49:37,679 [Worker-8] INFO  o.e.m.c.i.e.AbstractTransferListenerAdapter - Downloading http://maven.wso2.org/nexus/content/groups/wso2-public/org/apache/maven/maven/3.0.2/maven-3.0.2.pom
2018-10-10 21:49:37,917 [Worker-8] INFO  o.e.m.c.i.e.AbstractTransferListenerAdapter - Downloaded http://maven.wso2.org/nexus/content/groups/wso2-public/org/apache/maven/maven/3.0.2/maven-3.0.2.pom
2018-10-10 21:49:38,186 [Worker-8] INFO  o.e.m.c.i.e.AbstractTransferListenerAdapter - Downloading http://maven.wso2.org/nexus/content/groups/wso2-public/org/codehaus/plexus/plexus-utils/2.0.1/plexus-utils-2.0.1.pom
2018-10-10 21:49:38,422 [Worker-8] INFO  o.e.m.c.i.e.AbstractTransferListenerAdapter - Downloaded http://maven.wso2.org/nexus/content/groups/wso2-public/org/codehaus/plexus/plexus-utils/2.0.1/plexus-utils-2.0.1.pom
2018-10-10 21:49:38,697 [Worker-8] INFO  o.e.m.c.i.e.AbstractTransferListenerAdapter - Downloading http://maven.wso2.org/nexus/content/groups/wso2-public/org/codehaus/plexus/plexus-container-default/1.5.4/plexus-container-default-1.5.4.pom
2018-10-10 21:49:38,996 [Worker-8] INFO  o.e.m.c.i.e.AbstractTransferListenerAdapter - Downloaded http://maven.wso2.org/nexus/content/groups/wso2-public/org/codehaus/plexus/plexus-container-default/1.5.4/plexus-container-default-1.5.4.pom
2018-10-10 21:49:39,412 [Worker-8] INFO  o.e.m.c.i.e.AbstractTransferListenerAdapter - Downloading http://maven.wso2.org/nexus/content/groups/wso2-public/org/apache/maven/maven-archiver/2.2/maven-archiver-2.2.pom
2018-10-10 21:49:39,665 [Worker-8] INFO  o.e.m.c.i.e.AbstractTransferListenerAdapter - Downloaded http://maven.wso2.org/nexus/content/groups/wso2-public/org/apache/maven/maven-archiver/2.2/maven-archiver-2.2.pom
2018-10-10 21:49:39,924 [Worker-8] INFO  o.e.m.c.i.e.AbstractTransferListenerAdapter - Downloading http://maven.wso2.org/nexus/content/groups/wso2-public/org/apache/maven/shared/maven-shared-components/3/maven-shared-components-3.pom
2018-10-10 21:49:40,234 [Worker-8] INFO  o.e.m.c.i.e.AbstractTransferListenerAdapter - Downloaded http://maven.wso2.org/nexus/content/groups/wso2-public/org/apache/maven/shared/maven-shared-components/3/maven-shared-components-3.pom
2018-10-10 21:49:40,533 [Worker-8] INFO  o.e.m.c.i.e.AbstractTransferListenerAdapter - Downloading http://maven.wso2.org/nexus/content/groups/wso2-public/org/apache/maven/wagon/wagon-provider-api/1.0-beta-2/wagon-provider-api-1.0-beta-2.pom
2018-10-10 21:49:40,788 [Worker-8] INFO  o.e.m.c.i.e.AbstractTransferListenerAdapter - Downloaded http://maven.wso2.org/nexus/content/groups/wso2-public/org/apache/maven/wagon/wagon-provider-api/1.0-beta-2/wagon-provider-api-1.0-beta-2.pom
2018-10-10 21:49:41,045 [Worker-8] INFO  o.e.m.c.i.e.AbstractTransferListenerAdapter - Downloading http://maven.wso2.org/nexus/content/groups/wso2-public/org/apache/maven/wagon/wagon/1.0-beta-2/wagon-1.0-beta-2.pom
2018-10-10 21:49:41,296 [Worker-8] INFO  o.e.m.c.i.e.AbstractTransferListenerAdapter - Downloaded http://maven.wso2.org/nexus/content/groups/wso2-public/org/apache/maven/wagon/wagon/1.0-beta-2/wagon-1.0-beta-2.pom
2018-10-10 21:49:41,578 [Worker-8] INFO  o.e.m.c.i.e.AbstractTransferListenerAdapter - Downloading http://maven.wso2.org/nexus/content/groups/wso2-public/org/wso2/maven/org.wso2.maven.capp/2.1.0/org.wso2.maven.capp-2.1.0.pom
2018-10-10 21:49:42,064 [Worker-8] INFO  o.e.m.c.i.e.AbstractTransferListenerAdapter - Downloaded http://maven.wso2.org/nexus/content/groups/wso2-public/org/wso2/maven/org.wso2.maven.capp/2.1.0/org.wso2.maven.capp-2.1.0.pom
2018-10-10 21:49:42,306 [Worker-8] INFO  o.e.m.c.i.e.AbstractTransferListenerAdapter - Downloading http://maven.wso2.org/nexus/content/groups/wso2-public/org/apache/ws/commons/axiom/wso2/axiom/1.2.11.wso2v4/axiom-1.2.11.wso2v4.pom
2018-10-10 21:49:42,614 [Worker-8] INFO  o.e.m.c.i.e.AbstractTransferListenerAdapter - Downloaded http://maven.wso2.org/nexus/content/groups/wso2-public/org/apache/ws/commons/axiom/wso2/axiom/1.2.11.wso2v4/axiom-1.2.11.wso2v4.pom
2018-10-10 21:49:43,036 [Worker-8] INFO  o.e.m.c.i.e.AbstractTransferListenerAdapter - Downloading http://maven.wso2.org/nexus/content/groups/wso2-public/org/wso2/carbon/carbon-kernel-dependents/4.1.0/carbon-kernel-dependents-4.1.0.pom
2018-10-10 21:49:43,315 [Worker-8] INFO  o.e.m.c.i.e.AbstractTransferListenerAdapter - Downloaded http://maven.wso2.org/nexus/content/groups/wso2-public/org/wso2/carbon/carbon-kernel-dependents/4.1.0/carbon-kernel-dependents-4.1.0.pom
2018-10-10 21:49:44,038 [Worker-8] INFO  o.e.m.c.i.e.AbstractTransferListenerAdapter - Downloading http://maven.wso2.org/nexus/content/groups/wso2-public/org/wso2/carbon/carbon-parent/4.1.0/carbon-parent-4.1.0.pom
2018-10-10 21:49:44,347 [Worker-8] INFO  o.e.m.c.i.e.AbstractTransferListenerAdapter - Downloaded http://maven.wso2.org/nexus/content/groups/wso2-public/org/wso2/carbon/carbon-parent/4.1.0/carbon-parent-4.1.0.pom
2018-10-10 21:49:44,630 [Worker-8] INFO  o.e.m.c.i.e.AbstractTransferListenerAdapter - Downloading http://maven.wso2.org/nexus/content/groups/wso2-public/org/wso2/maven/org.wso2.maven.utils/2.1.0/org.wso2.maven.utils-2.1.0.pom
2018-10-10 21:49:45,242 [Worker-8] INFO  o.e.m.c.i.e.AbstractTransferListenerAdapter - Downloaded http://maven.wso2.org/nexus/content/groups/wso2-public/org/wso2/maven/org.wso2.maven.utils/2.1.0/org.wso2.maven.utils-2.1.0.pom
2018-10-10 21:49:45,494 [Worker-8] INFO  o.e.m.c.i.e.AbstractTransferListenerAdapter - Downloading http://maven.wso2.org/nexus/content/groups/wso2-public/org/wso2/maven/org.wso2.maven.core/2.1.0/org.wso2.maven.core-2.1.0.pom
2018-10-10 21:49:45,969 [Worker-8] INFO  o.e.m.c.i.e.AbstractTransferListenerAdapter - Downloaded http://maven.wso2.org/nexus/content/groups/wso2-public/org/wso2/maven/org.wso2.maven.core/2.1.0/org.wso2.maven.core-2.1.0.pom
2018-10-10 21:49:46,299 [Worker-8] INFO  o.e.m.c.i.e.AbstractTransferListenerAdapter - Downloading http://maven.wso2.org/nexus/content/groups/wso2-public/org/wso2/maven/org.wso2.maven.esb/2.1.0/org.wso2.maven.esb-2.1.0.pom
2018-10-10 21:49:46,785 [Worker-8] INFO  o.e.m.c.i.e.AbstractTransferListenerAdapter - Downloaded http://maven.wso2.org/nexus/content/groups/wso2-public/org/wso2/maven/org.wso2.maven.esb/2.1.0/org.wso2.maven.esb-2.1.0.pom
2018-10-10 21:49:47,148 [Worker-8] INFO  o.e.m.c.i.e.AbstractTransferListenerAdapter - Downloading http://maven.wso2.org/nexus/content/groups/wso2-public/org/wso2/maven/wso2-esb-api-plugin/2.1.0/wso2-esb-api-plugin-2.1.0.jar
2018-10-10 21:49:47,405 [Worker-8] INFO  o.e.m.c.i.e.AbstractTransferListenerAdapter - Downloaded http://maven.wso2.org/nexus/content/groups/wso2-public/org/wso2/maven/wso2-esb-api-plugin/2.1.0/wso2-esb-api-plugin-2.1.0.jar
2018-10-10 21:49:48,880 [Worker-8] INFO  o.e.m.c.i.e.AbstractTransferListenerAdapter - Downloading http://maven.wso2.org/nexus/content/groups/wso2-public/org/apache/maven/maven-model/3.0.2/maven-model-3.0.2.jar
2018-10-10 21:49:49,156 [Worker-8] INFO  o.e.m.c.i.e.AbstractTransferListenerAdapter - Downloaded http://maven.wso2.org/nexus/content/groups/wso2-public/org/apache/maven/maven-model/3.0.2/maven-model-3.0.2.jar
2018-10-10 21:49:49,433 [Worker-8] INFO  o.e.m.c.i.e.AbstractTransferListenerAdapter - Downloading http://maven.wso2.org/nexus/content/groups/wso2-public/org/codehaus/plexus/plexus-component-annotations/1.5.4/plexus-component-annotations-1.5.4.jar
2018-10-10 21:49:49,678 [Worker-8] INFO  o.e.m.c.i.e.AbstractTransferListenerAdapter - Downloaded http://maven.wso2.org/nexus/content/groups/wso2-public/org/codehaus/plexus/plexus-component-annotations/1.5.4/plexus-component-annotations-1.5.4.jar
2018-10-10 21:49:50,650 [Worker-8] INFO  o.e.m.c.i.e.AbstractTransferListenerAdapter - Downloading http://maven.wso2.org/nexus/content/groups/wso2-public/org/apache/maven/maven-artifact/2.0.7/maven-artifact-2.0.7.jar
2018-10-10 21:49:50,921 [Worker-8] INFO  o.e.m.c.i.e.AbstractTransferListenerAdapter - Downloaded http://maven.wso2.org/nexus/content/groups/wso2-public/org/apache/maven/maven-artifact/2.0.7/maven-artifact-2.0.7.jar
2018-10-10 21:49:51,199 [Worker-8] INFO  o.e.m.c.i.e.AbstractTransferListenerAdapter - Downloading http://maven.wso2.org/nexus/content/groups/wso2-public/org/apache/maven/maven-archiver/2.2/maven-archiver-2.2.jar
2018-10-10 21:49:51,486 [Worker-8] INFO  o.e.m.c.i.e.AbstractTransferListenerAdapter - Downloaded http://maven.wso2.org/nexus/content/groups/wso2-public/org/apache/maven/maven-archiver/2.2/maven-archiver-2.2.jar
2018-10-10 21:49:52,431 [Worker-8] INFO  o.e.m.c.i.e.AbstractTransferListenerAdapter - Downloading http://maven.wso2.org/nexus/content/groups/wso2-public/org/apache/maven/maven-artifact-manager/2.0.7/maven-artifact-manager-2.0.7.jar
2018-10-10 21:49:52,733 [Worker-8] INFO  o.e.m.c.i.e.AbstractTransferListenerAdapter - Downloaded http://maven.wso2.org/nexus/content/groups/wso2-public/org/apache/maven/maven-artifact-manager/2.0.7/maven-artifact-manager-2.0.7.jar
2018-10-10 21:49:53,254 [Worker-8] INFO  o.e.m.c.i.e.AbstractTransferListenerAdapter - Downloading http://maven.wso2.org/nexus/content/groups/wso2-public/org/apache/maven/maven-repository-metadata/2.0.7/maven-repository-metadata-2.0.7.jar
2018-10-10 21:49:53,567 [Worker-8] INFO  o.e.m.c.i.e.AbstractTransferListenerAdapter - Downloaded http://maven.wso2.org/nexus/content/groups/wso2-public/org/apache/maven/maven-repository-metadata/2.0.7/maven-repository-metadata-2.0.7.jar
2018-10-10 21:49:54,317 [Worker-8] INFO  o.e.m.c.i.e.AbstractTransferListenerAdapter - Downloading http://maven.wso2.org/nexus/content/groups/wso2-public/org/apache/maven/maven-settings/2.0.7/maven-settings-2.0.7.jar
2018-10-10 21:49:54,568 [Worker-8] INFO  o.e.m.c.i.e.AbstractTransferListenerAdapter - Downloaded http://maven.wso2.org/nexus/content/groups/wso2-public/org/apache/maven/maven-settings/2.0.7/maven-settings-2.0.7.jar
2018-10-10 21:49:55,104 [Worker-8] INFO  o.e.m.c.i.e.AbstractTransferListenerAdapter - Downloading http://maven.wso2.org/nexus/content/groups/wso2-public/org/apache/maven/wagon/wagon-provider-api/1.0-beta-2/wagon-provider-api-1.0-beta-2.jar
2018-10-10 21:49:55,389 [Worker-8] INFO  o.e.m.c.i.e.AbstractTransferListenerAdapter - Downloaded http://maven.wso2.org/nexus/content/groups/wso2-public/org/apache/maven/wagon/wagon-provider-api/1.0-beta-2/wagon-provider-api-1.0-beta-2.jar
2018-10-10 21:49:57,852 [Worker-8] INFO  o.e.m.c.i.e.AbstractTransferListenerAdapter - Downloading http://maven.wso2.org/nexus/content/groups/wso2-public/org/codehaus/plexus/plexus-container-default/1.5.4/plexus-container-default-1.5.4.jar
2018-10-10 21:49:58,169 [Worker-8] INFO  o.e.m.c.i.e.AbstractTransferListenerAdapter - Downloaded http://maven.wso2.org/nexus/content/groups/wso2-public/org/codehaus/plexus/plexus-container-default/1.5.4/plexus-container-default-1.5.4.jar
2018-10-10 21:49:59,629 [Worker-8] INFO  o.e.m.c.i.e.AbstractTransferListenerAdapter - Downloading http://maven.wso2.org/nexus/content/groups/wso2-public/org/codehaus/plexus/plexus-archiver/1.0-alpha-7/plexus-archiver-1.0-alpha-7.jar
2018-10-10 21:49:59,898 [Worker-8] INFO  o.e.m.c.i.e.AbstractTransferListenerAdapter - Downloaded http://maven.wso2.org/nexus/content/groups/wso2-public/org/codehaus/plexus/plexus-archiver/1.0-alpha-7/plexus-archiver-1.0-alpha-7.jar
2018-10-10 21:50:01,822 [Worker-8] INFO  o.e.m.c.i.e.AbstractTransferListenerAdapter - Downloading http://maven.wso2.org/nexus/content/groups/wso2-public/org/codehaus/plexus/plexus-utils/2.0.1/plexus-utils-2.0.1.jar
2018-10-10 21:50:02,250 [Worker-8] INFO  o.e.m.c.i.e.AbstractTransferListenerAdapter - Downloaded http://maven.wso2.org/nexus/content/groups/wso2-public/org/codehaus/plexus/plexus-utils/2.0.1/plexus-utils-2.0.1.jar
2018-10-10 21:50:03,141 [Worker-8] INFO  o.e.m.c.i.e.AbstractTransferListenerAdapter - Downloading http://maven.wso2.org/nexus/content/groups/wso2-public/org/wso2/maven/org.wso2.maven.capp/2.1.0/org.wso2.maven.capp-2.1.0.jar
2018-10-10 21:50:03,683 [Worker-8] INFO  o.e.m.c.i.e.AbstractTransferListenerAdapter - Downloaded http://maven.wso2.org/nexus/content/groups/wso2-public/org/wso2/maven/org.wso2.maven.capp/2.1.0/org.wso2.maven.capp-2.1.0.jar
2018-10-10 21:50:17,301 [Worker-8] INFO  o.e.m.c.i.e.AbstractTransferListenerAdapter - Downloading http://maven.wso2.org/nexus/content/groups/wso2-public/org/apache/ws/commons/axiom/wso2/axiom/1.2.11.wso2v4/axiom-1.2.11.wso2v4.jar
2018-10-10 21:50:17,624 [Worker-8] INFO  o.e.m.c.i.e.AbstractTransferListenerAdapter - Downloaded http://maven.wso2.org/nexus/content/groups/wso2-public/org/apache/ws/commons/axiom/wso2/axiom/1.2.11.wso2v4/axiom-1.2.11.wso2v4.jar
2018-10-10 21:50:17,924 [Worker-8] INFO  o.e.m.c.i.e.AbstractTransferListenerAdapter - Downloading http://maven.wso2.org/nexus/content/groups/wso2-public/org/wso2/maven/org.wso2.maven.utils/2.1.0/org.wso2.maven.utils-2.1.0.jar
2018-10-10 21:50:18,426 [Worker-8] INFO  o.e.m.c.i.e.AbstractTransferListenerAdapter - Downloaded http://maven.wso2.org/nexus/content/groups/wso2-public/org/wso2/maven/org.wso2.maven.utils/2.1.0/org.wso2.maven.utils-2.1.0.jar
2018-10-10 21:50:18,691 [Worker-8] INFO  o.e.m.c.i.e.AbstractTransferListenerAdapter - Downloading http://maven.wso2.org/nexus/content/groups/wso2-public/org/wso2/maven/org.wso2.maven.core/2.1.0/org.wso2.maven.core-2.1.0.jar
2018-10-10 21:50:19,138 [Worker-8] INFO  o.e.m.c.i.e.AbstractTransferListenerAdapter - Downloaded http://maven.wso2.org/nexus/content/groups/wso2-public/org/wso2/maven/org.wso2.maven.core/2.1.0/org.wso2.maven.core-2.1.0.jar
2018-10-10 21:50:19,402 [Worker-8] INFO  o.e.m.c.i.e.AbstractTransferListenerAdapter - Downloading http://maven.wso2.org/nexus/content/groups/wso2-public/org/wso2/maven/org.wso2.maven.esb/2.1.0/org.wso2.maven.esb-2.1.0.jar
2018-10-10 21:50:19,858 [Worker-8] INFO  o.e.m.c.i.e.AbstractTransferListenerAdapter - Downloaded http://maven.wso2.org/nexus/content/groups/wso2-public/org/wso2/maven/org.wso2.maven.esb/2.1.0/org.wso2.maven.esb-2.1.0.jar
2018-10-10 22:01:05,094 [Worker-5] INFO  c.g.t.t.d.PublishedGradleVersions - Gradle version information cache is up-to-date. Trying to read.
2018-10-10 22:01:18,526 [Worker-0] INFO  org.eclipse.jetty.util.log - Logging initialized @37157ms to org.eclipse.jetty.util.log.Slf4jLog
2018-10-10 22:01:18,719 [Worker-0] INFO  org.eclipse.jetty.server.Server - jetty-9.4.8.v20171121, build timestamp: 2017-11-21T23:27:37+02:00, git hash: 82b8fb23f757335bb3329d540ce37a2a2615f0a8
2018-10-10 22:01:18,775 [Worker-0] INFO  org.eclipse.jetty.server.session - DefaultSessionIdManager workerName=node0
2018-10-10 22:01:18,775 [Worker-0] INFO  org.eclipse.jetty.server.session - No SessionScavenger set, using defaults
2018-10-10 22:01:18,779 [Worker-0] INFO  org.eclipse.jetty.server.session - Scavenging every 660000ms
2018-10-10 22:01:18,800 [Worker-0] INFO  o.e.j.server.handler.ContextHandler - Started o.e.j.s.ServletContextHandler@718c7613{/welcome,file:///D:/work/wso2/bobi/eclipse/configuration/org.eclipse.osgi/1178/0/.cp/TemplateDash/,AVAILABLE}
2018-10-10 22:01:18,803 [Worker-0] INFO  o.e.j.server.handler.ContextHandler - Started o.e.j.s.ServletContextHandler@6c1998c0{/servlet,null,AVAILABLE}
2018-10-10 22:01:18,864 [Worker-0] INFO  o.e.jetty.server.AbstractConnector - Started ServerConnector@e366bcd{HTTP/1.1,[http/1.1]}{0.0.0.0:7774}
2018-10-10 22:01:18,865 [Worker-0] INFO  org.eclipse.jetty.server.Server - Started @37496ms
2018-10-10 22:15:34,059 [Worker-19] INFO  o.e.m.c.i.e.AbstractTransferListenerAdapter - Downloading http://maven.wso2.org/nexus/content/groups/wso2-public/org/wso2/maven/wso2-esb-connector-plugin/1.0.0/wso2-esb-connector-plugin-1.0.0.pom
2018-10-10 22:15:34,611 [Worker-19] INFO  o.e.m.c.i.e.AbstractTransferListenerAdapter - Downloaded http://maven.wso2.org/nexus/content/groups/wso2-public/org/wso2/maven/wso2-esb-connector-plugin/1.0.0/wso2-esb-connector-plugin-1.0.0.pom
2018-10-10 22:15:34,961 [Worker-19] INFO  o.e.m.c.i.e.AbstractTransferListenerAdapter - Downloading http://maven.wso2.org/nexus/content/groups/wso2-public/biz/aQute/bndlib/0.0.357/bndlib-0.0.357.pom
2018-10-10 22:15:35,208 [Worker-19] INFO  o.e.m.c.i.e.AbstractTransferListenerAdapter - Downloaded http://maven.wso2.org/nexus/content/groups/wso2-public/biz/aQute/bndlib/0.0.357/bndlib-0.0.357.pom
2018-10-10 22:15:35,577 [Worker-19] INFO  o.e.m.c.i.e.AbstractTransferListenerAdapter - Downloading http://maven.wso2.org/nexus/content/groups/wso2-public/net/sf/kxml/kxml2/2.2.2/kxml2-2.2.2.pom
2018-10-10 22:15:35,905 [Worker-19] INFO  o.e.m.c.i.e.AbstractTransferListenerAdapter - Downloaded http://maven.wso2.org/nexus/content/groups/wso2-public/net/sf/kxml/kxml2/2.2.2/kxml2-2.2.2.pom
2018-10-10 22:15:36,211 [Worker-19] INFO  o.e.m.c.i.e.AbstractTransferListenerAdapter - Downloading http://maven.wso2.org/nexus/content/groups/wso2-public/org/apache/felix/org.apache.felix.bundlerepository/1.6.2/org.apache.felix.bundlerepository-1.6.2.pom
2018-10-10 22:15:36,526 [Worker-19] INFO  o.e.m.c.i.e.AbstractTransferListenerAdapter - Downloaded http://maven.wso2.org/nexus/content/groups/wso2-public/org/apache/felix/org.apache.felix.bundlerepository/1.6.2/org.apache.felix.bundlerepository-1.6.2.pom
2018-10-10 22:15:37,026 [Worker-19] INFO  o.e.m.c.i.e.AbstractTransferListenerAdapter - Downloading http://maven.wso2.org/nexus/content/groups/wso2-public/org/apache/felix/felix-parent/1.2.1/felix-parent-1.2.1.pom
2018-10-10 22:15:37,334 [Worker-19] INFO  o.e.m.c.i.e.AbstractTransferListenerAdapter - Downloaded http://maven.wso2.org/nexus/content/groups/wso2-public/org/apache/felix/felix-parent/1.2.1/felix-parent-1.2.1.pom
2018-10-10 22:15:37,628 [Worker-19] INFO  o.e.m.c.i.e.AbstractTransferListenerAdapter - Downloading http://maven.wso2.org/nexus/content/groups/wso2-public/org/osgi/org.osgi.core/4.1.0/org.osgi.core-4.1.0.pom
2018-10-10 22:15:37,858 [Worker-19] INFO  o.e.m.c.i.e.AbstractTransferListenerAdapter - Downloaded http://maven.wso2.org/nexus/content/groups/wso2-public/org/osgi/org.osgi.core/4.1.0/org.osgi.core-4.1.0.pom
2018-10-10 22:15:38,144 [Worker-19] INFO  o.e.m.c.i.e.AbstractTransferListenerAdapter - Downloading http://maven.wso2.org/nexus/content/groups/wso2-public/org/easymock/easymock/2.4/easymock-2.4.pom
2018-10-10 22:15:38,390 [Worker-19] INFO  o.e.m.c.i.e.AbstractTransferListenerAdapter - Downloaded http://maven.wso2.org/nexus/content/groups/wso2-public/org/easymock/easymock/2.4/easymock-2.4.pom
2018-10-10 22:15:38,653 [Worker-19] INFO  o.e.m.c.i.e.AbstractTransferListenerAdapter - Downloading http://maven.wso2.org/nexus/content/groups/wso2-public/org/apache/felix/org.osgi.core/1.0.0/org.osgi.core-1.0.0.pom
2018-10-10 22:15:38,905 [Worker-19] INFO  o.e.m.c.i.e.AbstractTransferListenerAdapter - Downloaded http://maven.wso2.org/nexus/content/groups/wso2-public/org/apache/felix/org.osgi.core/1.0.0/org.osgi.core-1.0.0.pom
2018-10-10 22:15:39,167 [Worker-19] INFO  o.e.m.c.i.e.AbstractTransferListenerAdapter - Downloading http://maven.wso2.org/nexus/content/groups/wso2-public/org/apache/felix/felix/1.0.0/felix-1.0.0.pom
2018-10-10 22:15:39,400 [Worker-19] INFO  o.e.m.c.i.e.AbstractTransferListenerAdapter - Downloaded http://maven.wso2.org/nexus/content/groups/wso2-public/org/apache/felix/felix/1.0.0/felix-1.0.0.pom
2018-10-10 22:15:39,677 [Worker-19] INFO  o.e.m.c.i.e.AbstractTransferListenerAdapter - Downloading http://maven.wso2.org/nexus/content/groups/wso2-public/org/apache/felix/org.osgi.service.obr/1.0.1/org.osgi.service.obr-1.0.1.pom
2018-10-10 22:15:39,921 [Worker-19] INFO  o.e.m.c.i.e.AbstractTransferListenerAdapter - Downloaded http://maven.wso2.org/nexus/content/groups/wso2-public/org/apache/felix/org.osgi.service.obr/1.0.1/org.osgi.service.obr-1.0.1.pom
2018-10-10 22:15:40,196 [Worker-19] INFO  o.e.m.c.i.e.AbstractTransferListenerAdapter - Downloading http://maven.wso2.org/nexus/content/groups/wso2-public/org/apache/felix/felix/1.0.2/felix-1.0.2.pom
2018-10-10 22:15:40,433 [Worker-19] INFO  o.e.m.c.i.e.AbstractTransferListenerAdapter - Downloaded http://maven.wso2.org/nexus/content/groups/wso2-public/org/apache/felix/felix/1.0.2/felix-1.0.2.pom
2018-10-10 22:15:41,033 [Worker-19] INFO  o.e.m.c.i.e.AbstractTransferListenerAdapter - Downloading http://maven.wso2.org/nexus/content/groups/wso2-public/org/wso2/maven/wso2-esb-connector-plugin/1.0.0/wso2-esb-connector-plugin-1.0.0.jar
2018-10-10 22:15:41,529 [Worker-19] INFO  o.e.m.c.i.e.AbstractTransferListenerAdapter - Downloaded http://maven.wso2.org/nexus/content/groups/wso2-public/org/wso2/maven/wso2-esb-connector-plugin/1.0.0/wso2-esb-connector-plugin-1.0.0.jar
2018-10-10 22:15:43,884 [Worker-19] INFO  o.e.m.c.i.e.AbstractTransferListenerAdapter - Downloading http://maven.wso2.org/nexus/content/groups/wso2-public/biz/aQute/bndlib/0.0.357/bndlib-0.0.357.jar
2018-10-10 22:15:44,191 [Worker-19] INFO  o.e.m.c.i.e.AbstractTransferListenerAdapter - Downloaded http://maven.wso2.org/nexus/content/groups/wso2-public/biz/aQute/bndlib/0.0.357/bndlib-0.0.357.jar
2018-10-10 22:15:44,913 [Worker-19] INFO  o.e.m.c.i.e.AbstractTransferListenerAdapter - Downloading http://maven.wso2.org/nexus/content/groups/wso2-public/net/sf/kxml/kxml2/2.2.2/kxml2-2.2.2.jar
2018-10-10 22:15:45,220 [Worker-19] INFO  o.e.m.c.i.e.AbstractTransferListenerAdapter - Downloaded http://maven.wso2.org/nexus/content/groups/wso2-public/net/sf/kxml/kxml2/2.2.2/kxml2-2.2.2.jar
2018-10-10 22:15:46,609 [Worker-19] INFO  o.e.m.c.i.e.AbstractTransferListenerAdapter - Downloading http://maven.wso2.org/nexus/content/groups/wso2-public/org/apache/felix/org.apache.felix.bundlerepository/1.6.2/org.apache.felix.bundlerepository-1.6.2.jar
2018-10-10 22:15:46,866 [Worker-19] INFO  o.e.m.c.i.e.AbstractTransferListenerAdapter - Downloaded http://maven.wso2.org/nexus/content/groups/wso2-public/org/apache/felix/org.apache.felix.bundlerepository/1.6.2/org.apache.felix.bundlerepository-1.6.2.jar
2018-10-10 22:15:49,016 [Worker-19] INFO  o.e.m.c.i.e.AbstractTransferListenerAdapter - Downloading http://maven.wso2.org/nexus/content/groups/wso2-public/org/osgi/org.osgi.core/4.1.0/org.osgi.core-4.1.0.jar
2018-10-10 22:15:49,333 [Worker-19] INFO  o.e.m.c.i.e.AbstractTransferListenerAdapter - Downloaded http://maven.wso2.org/nexus/content/groups/wso2-public/org/osgi/org.osgi.core/4.1.0/org.osgi.core-4.1.0.jar
2018-10-10 22:15:50,553 [Worker-19] INFO  o.e.m.c.i.e.AbstractTransferListenerAdapter - Downloading http://maven.wso2.org/nexus/content/groups/wso2-public/org/easymock/easymock/2.4/easymock-2.4.jar
2018-10-10 22:15:50,863 [Worker-19] INFO  o.e.m.c.i.e.AbstractTransferListenerAdapter - Downloaded http://maven.wso2.org/nexus/content/groups/wso2-public/org/easymock/easymock/2.4/easymock-2.4.jar
2018-10-10 22:15:51,848 [Worker-19] INFO  o.e.m.c.i.e.AbstractTransferListenerAdapter - Downloading http://maven.wso2.org/nexus/content/groups/wso2-public/org/apache/felix/org.osgi.core/1.0.0/org.osgi.core-1.0.0.jar
2018-10-10 22:15:52,127 [Worker-19] INFO  o.e.m.c.i.e.AbstractTransferListenerAdapter - Downloaded http://maven.wso2.org/nexus/content/groups/wso2-public/org/apache/felix/org.osgi.core/1.0.0/org.osgi.core-1.0.0.jar
2018-10-10 22:15:52,384 [Worker-19] INFO  o.e.m.c.i.e.AbstractTransferListenerAdapter - Downloading http://maven.wso2.org/nexus/content/groups/wso2-public/org/apache/felix/org.osgi.service.obr/1.0.1/org.osgi.service.obr-1.0.1.jar
2018-10-10 22:15:52,620 [Worker-19] INFO  o.e.m.c.i.e.AbstractTransferListenerAdapter - Downloaded http://maven.wso2.org/nexus/content/groups/wso2-public/org/apache/felix/org.osgi.service.obr/1.0.1/org.osgi.service.obr-1.0.1.jar
2018-10-10 22:53:23,261 [Worker-55] INFO  o.e.m.c.i.e.AbstractTransferListenerAdapter - Downloading http://maven.wso2.org/nexus/content/groups/wso2-public/org/wso2/maven/maven-car-plugin/2.1.1/maven-car-plugin-2.1.1.pom
2018-10-10 22:53:23,558 [Worker-55] INFO  o.e.m.c.i.e.AbstractTransferListenerAdapter - Downloaded http://maven.wso2.org/nexus/content/groups/wso2-public/org/wso2/maven/maven-car-plugin/2.1.1/maven-car-plugin-2.1.1.pom
2018-10-10 22:53:24,157 [Worker-55] INFO  o.e.m.c.i.e.AbstractTransferListenerAdapter - Downloading http://maven.wso2.org/nexus/content/groups/wso2-public/org/wso2/maven/maven-tools/5.0.1/maven-tools-5.0.1.pom
2018-10-10 22:53:24,487 [Worker-55] INFO  o.e.m.c.i.e.AbstractTransferListenerAdapter - Downloaded http://maven.wso2.org/nexus/content/groups/wso2-public/org/wso2/maven/maven-tools/5.0.1/maven-tools-5.0.1.pom
2018-10-10 22:53:25,643 [Worker-55] INFO  o.e.m.c.i.e.AbstractTransferListenerAdapter - Downloading http://maven.wso2.org/nexus/content/groups/wso2-public/org/apache/geronimo/specs/wso2/geronimo-stax-api_1.0_spec/1.0.1.wso2v1/geronimo-stax-api_1.0_spec-1.0.1.wso2v1.pom
2018-10-10 22:53:25,903 [Worker-55] INFO  o.e.m.c.i.e.AbstractTransferListenerAdapter - Downloaded http://maven.wso2.org/nexus/content/groups/wso2-public/org/apache/geronimo/specs/wso2/geronimo-stax-api_1.0_spec/1.0.1.wso2v1/geronimo-stax-api_1.0_spec-1.0.1.wso2v1.pom
2018-10-10 22:53:26,638 [Worker-55] INFO  o.e.m.c.i.e.AbstractTransferListenerAdapter - Downloading http://maven.wso2.org/nexus/content/groups/wso2-public/org/wso2/carbon/carbon-orbit-parent/3.1.0/carbon-orbit-parent-3.1.0.pom
2018-10-10 22:53:26,923 [Worker-55] INFO  o.e.m.c.i.e.AbstractTransferListenerAdapter - Downloaded http://maven.wso2.org/nexus/content/groups/wso2-public/org/wso2/carbon/carbon-orbit-parent/3.1.0/carbon-orbit-parent-3.1.0.pom
2018-10-10 22:53:27,213 [Worker-55] INFO  o.e.m.c.i.e.AbstractTransferListenerAdapter - Downloading http://maven.wso2.org/nexus/content/groups/wso2-public/org/apache/geronimo/specs/geronimo-stax-api_1.0_spec/1.0.1/geronimo-stax-api_1.0_spec-1.0.1.pom
2018-10-10 22:53:27,467 [Worker-55] INFO  o.e.m.c.i.e.AbstractTransferListenerAdapter - Downloaded http://maven.wso2.org/nexus/content/groups/wso2-public/org/apache/geronimo/specs/geronimo-stax-api_1.0_spec/1.0.1/geronimo-stax-api_1.0_spec-1.0.1.pom
2018-10-10 22:53:27,738 [Worker-55] INFO  o.e.m.c.i.e.AbstractTransferListenerAdapter - Downloading http://maven.wso2.org/nexus/content/groups/wso2-public/org/apache/geronimo/specs/specs/1.3/specs-1.3.pom
2018-10-10 22:53:27,974 [Worker-55] INFO  o.e.m.c.i.e.AbstractTransferListenerAdapter - Downloaded http://maven.wso2.org/nexus/content/groups/wso2-public/org/apache/geronimo/specs/specs/1.3/specs-1.3.pom
2018-10-10 22:53:28,255 [Worker-55] INFO  o.e.m.c.i.e.AbstractTransferListenerAdapter - Downloading http://maven.wso2.org/nexus/content/groups/wso2-public/org/apache/geronimo/genesis/config/project-config/1.1/project-config-1.1.pom
2018-10-10 22:53:28,580 [Worker-55] INFO  o.e.m.c.i.e.AbstractTransferListenerAdapter - Downloaded http://maven.wso2.org/nexus/content/groups/wso2-public/org/apache/geronimo/genesis/config/project-config/1.1/project-config-1.1.pom
2018-10-10 22:53:28,863 [Worker-55] INFO  o.e.m.c.i.e.AbstractTransferListenerAdapter - Downloading http://maven.wso2.org/nexus/content/groups/wso2-public/org/apache/geronimo/genesis/config/config/1.1/config-1.1.pom
2018-10-10 22:53:29,113 [Worker-55] INFO  o.e.m.c.i.e.AbstractTransferListenerAdapter - Downloaded http://maven.wso2.org/nexus/content/groups/wso2-public/org/apache/geronimo/genesis/config/config/1.1/config-1.1.pom
2018-10-10 22:53:29,373 [Worker-55] INFO  o.e.m.c.i.e.AbstractTransferListenerAdapter - Downloading http://maven.wso2.org/nexus/content/groups/wso2-public/org/apache/geronimo/genesis/genesis/1.1/genesis-1.1.pom
2018-10-10 22:53:29,605 [Worker-55] INFO  o.e.m.c.i.e.AbstractTransferListenerAdapter - Downloaded http://maven.wso2.org/nexus/content/groups/wso2-public/org/apache/geronimo/genesis/genesis/1.1/genesis-1.1.pom
2018-10-10 22:53:29,883 [Worker-55] INFO  o.e.m.c.i.e.AbstractTransferListenerAdapter - Downloading http://maven.wso2.org/nexus/content/groups/wso2-public/org/codehaus/woodstox/wstx-asl/3.2.9/wstx-asl-3.2.9.pom
2018-10-10 22:53:30,116 [Worker-55] INFO  o.e.m.c.i.e.AbstractTransferListenerAdapter - Downloaded http://maven.wso2.org/nexus/content/groups/wso2-public/org/codehaus/woodstox/wstx-asl/3.2.9/wstx-asl-3.2.9.pom
2018-10-10 22:53:30,499 [Worker-55] INFO  o.e.m.c.i.e.AbstractTransferListenerAdapter - Downloading http://maven.wso2.org/nexus/content/groups/wso2-public/org/wso2/maven/org.wso2.maven.capp/2.1.1/org.wso2.maven.capp-2.1.1.pom
2018-10-10 22:53:30,814 [Worker-55] INFO  o.e.m.c.i.e.AbstractTransferListenerAdapter - Downloaded http://maven.wso2.org/nexus/content/groups/wso2-public/org/wso2/maven/org.wso2.maven.capp/2.1.1/org.wso2.maven.capp-2.1.1.pom
2018-10-10 22:53:31,104 [Worker-55] INFO  o.e.m.c.i.e.AbstractTransferListenerAdapter - Downloading http://maven.wso2.org/nexus/content/groups/wso2-public/org/wso2/maven/org.wso2.maven.utils/2.1.1/org.wso2.maven.utils-2.1.1.pom
2018-10-10 22:53:31,350 [Worker-55] INFO  o.e.m.c.i.e.AbstractTransferListenerAdapter - Downloaded http://maven.wso2.org/nexus/content/groups/wso2-public/org/wso2/maven/org.wso2.maven.utils/2.1.1/org.wso2.maven.utils-2.1.1.pom
2018-10-10 22:53:31,653 [Worker-55] INFO  o.e.m.c.i.e.AbstractTransferListenerAdapter - Downloading http://maven.wso2.org/nexus/content/groups/wso2-public/org/wso2/maven/org.wso2.maven.core/2.1.1/org.wso2.maven.core-2.1.1.pom
2018-10-10 22:53:31,950 [Worker-55] INFO  o.e.m.c.i.e.AbstractTransferListenerAdapter - Downloaded http://maven.wso2.org/nexus/content/groups/wso2-public/org/wso2/maven/org.wso2.maven.core/2.1.1/org.wso2.maven.core-2.1.1.pom
2018-10-10 22:53:32,272 [Worker-55] INFO  o.e.m.c.i.e.AbstractTransferListenerAdapter - Downloading http://maven.wso2.org/nexus/content/groups/wso2-public/org/wso2/maven/maven-synapse-plugin/2.1.0/maven-synapse-plugin-2.1.0.pom
2018-10-10 22:53:32,571 [Worker-55] INFO  o.e.m.c.i.e.AbstractTransferListenerAdapter - Downloaded http://maven.wso2.org/nexus/content/groups/wso2-public/org/wso2/maven/maven-synapse-plugin/2.1.0/maven-synapse-plugin-2.1.0.pom
2018-10-10 22:53:32,856 [Worker-55] INFO  o.e.m.c.i.e.AbstractTransferListenerAdapter - Downloading http://maven.wso2.org/nexus/content/groups/wso2-public/org/apache/commons/commons-io/1.3.2/commons-io-1.3.2.pom
2018-10-10 22:53:33,101 [Worker-55] INFO  o.e.m.c.i.e.AbstractTransferListenerAdapter - Downloaded http://maven.wso2.org/nexus/content/groups/wso2-public/org/apache/commons/commons-io/1.3.2/commons-io-1.3.2.pom
2018-10-10 22:53:33,471 [Worker-55] INFO  o.e.m.c.i.e.AbstractTransferListenerAdapter - Downloading http://maven.wso2.org/nexus/content/groups/wso2-public/org/wso2/maven/maven-stratos-plugin/2.1.0/maven-stratos-plugin-2.1.0.pom
2018-10-10 22:53:33,777 [Worker-55] INFO  o.e.m.c.i.e.AbstractTransferListenerAdapter - Downloaded http://maven.wso2.org/nexus/content/groups/wso2-public/org/wso2/maven/maven-stratos-plugin/2.1.0/maven-stratos-plugin-2.1.0.pom
2018-10-10 22:53:35,220 [Worker-55] INFO  o.e.m.c.i.e.AbstractTransferListenerAdapter - Downloading http://maven.wso2.org/nexus/content/groups/wso2-public/org/apache/axis2/wso2/axis2-client/1.6.1.wso2v9/axis2-client-1.6.1.wso2v9.pom
2018-10-10 22:53:35,516 [Worker-55] INFO  o.e.m.c.i.e.AbstractTransferListenerAdapter - Downloaded http://maven.wso2.org/nexus/content/groups/wso2-public/org/apache/axis2/wso2/axis2-client/1.6.1.wso2v9/axis2-client-1.6.1.wso2v9.pom
2018-10-10 22:53:35,761 [Worker-55] INFO  o.e.m.c.i.e.AbstractTransferListenerAdapter - Downloading http://maven.wso2.org/nexus/content/groups/wso2-public/org/apache/ws/commons/schema/wso2/XmlSchema/1.4.7.wso2v1/XmlSchema-1.4.7.wso2v1.pom
2018-10-10 22:53:36,047 [Worker-55] INFO  o.e.m.c.i.e.AbstractTransferListenerAdapter - Downloaded http://maven.wso2.org/nexus/content/groups/wso2-public/org/apache/ws/commons/schema/wso2/XmlSchema/1.4.7.wso2v1/XmlSchema-1.4.7.wso2v1.pom
2018-10-10 22:53:36,769 [Worker-55] INFO  o.e.m.c.i.e.AbstractTransferListenerAdapter - Downloading http://maven.wso2.org/nexus/content/groups/wso2-public/org/wso2/carbon/carbon-orbit-parent/3.2.0/carbon-orbit-parent-3.2.0.pom
2018-10-10 22:53:37,064 [Worker-55] INFO  o.e.m.c.i.e.AbstractTransferListenerAdapter - Downloaded http://maven.wso2.org/nexus/content/groups/wso2-public/org/wso2/carbon/carbon-orbit-parent/3.2.0/carbon-orbit-parent-3.2.0.pom
2018-10-10 22:53:37,364 [Worker-55] INFO  o.e.m.c.i.e.AbstractTransferListenerAdapter - Downloading http://maven.wso2.org/nexus/content/groups/wso2-public/org/wso2/carbon/carbon-platform/3.2.0/carbon-platform-3.2.0.pom
2018-10-10 22:53:37,598 [Worker-55] INFO  o.e.m.c.i.e.AbstractTransferListenerAdapter - Downloaded http://maven.wso2.org/nexus/content/groups/wso2-public/org/wso2/carbon/carbon-platform/3.2.0/carbon-platform-3.2.0.pom
2018-10-10 22:53:37,878 [Worker-55] INFO  o.e.m.c.i.e.AbstractTransferListenerAdapter - Downloading http://maven.wso2.org/nexus/content/groups/wso2-public/org/apache/neethi/wso2/neethi/2.0.4.wso2v3/neethi-2.0.4.wso2v3.pom
2018-10-10 22:53:38,131 [Worker-55] INFO  o.e.m.c.i.e.AbstractTransferListenerAdapter - Downloaded http://maven.wso2.org/nexus/content/groups/wso2-public/org/apache/neethi/wso2/neethi/2.0.4.wso2v3/neethi-2.0.4.wso2v3.pom
2018-10-10 22:53:38,411 [Worker-55] INFO  o.e.m.c.i.e.AbstractTransferListenerAdapter - Downloading http://maven.wso2.org/nexus/content/groups/wso2-public/org/apache/axis2/wso2/axis2-json/1.6.1.wso2v9/axis2-json-1.6.1.wso2v9.pom
2018-10-10 22:53:38,720 [Worker-55] INFO  o.e.m.c.i.e.AbstractTransferListenerAdapter - Downloaded http://maven.wso2.org/nexus/content/groups/wso2-public/org/apache/axis2/wso2/axis2-json/1.6.1.wso2v9/axis2-json-1.6.1.wso2v9.pom
2018-10-10 22:53:39,004 [Worker-55] INFO  o.e.m.c.i.e.AbstractTransferListenerAdapter - Downloading http://maven.wso2.org/nexus/content/groups/wso2-public/org/apache/woden/wso2/woden/1.0.0.M8-wso2v1/woden-1.0.0.M8-wso2v1.pom
2018-10-10 22:53:39,316 [Worker-55] INFO  o.e.m.c.i.e.AbstractTransferListenerAdapter - Downloaded http://maven.wso2.org/nexus/content/groups/wso2-public/org/apache/woden/wso2/woden/1.0.0.M8-wso2v1/woden-1.0.0.M8-wso2v1.pom
2018-10-10 22:53:39,629 [Worker-55] INFO  o.e.m.c.i.e.AbstractTransferListenerAdapter - Downloading http://maven.wso2.org/nexus/content/groups/wso2-public/wsdl4j/wso2/wsdl4j/1.6.2.wso2v2/wsdl4j-1.6.2.wso2v2.pom
2018-10-10 22:53:39,925 [Worker-55] INFO  o.e.m.c.i.e.AbstractTransferListenerAdapter - Downloaded http://maven.wso2.org/nexus/content/groups/wso2-public/wsdl4j/wso2/wsdl4j/1.6.2.wso2v2/wsdl4j-1.6.2.wso2v2.pom
2018-10-10 22:53:40,253 [Worker-55] INFO  o.e.m.c.i.e.AbstractTransferListenerAdapter - Downloading http://maven.wso2.org/nexus/content/groups/wso2-public/wsdl4j/wsdl4j/1.6.2/wsdl4j-1.6.2.pom
2018-10-10 22:53:40,555 [Worker-55] INFO  o.e.m.c.i.e.AbstractTransferListenerAdapter - Downloaded http://maven.wso2.org/nexus/content/groups/wso2-public/wsdl4j/wsdl4j/1.6.2/wsdl4j-1.6.2.pom
2018-10-10 22:53:40,846 [Worker-55] INFO  o.e.m.c.i.e.AbstractTransferListenerAdapter - Downloading http://maven.wso2.org/nexus/content/groups/wso2-public/org/wso2/securevault/org.wso2.securevault/1.0.0/org.wso2.securevault-1.0.0.pom
2018-10-10 22:53:41,087 [Worker-55] INFO  o.e.m.c.i.e.AbstractTransferListenerAdapter - Downloaded http://maven.wso2.org/nexus/content/groups/wso2-public/org/wso2/securevault/org.wso2.securevault/1.0.0/org.wso2.securevault-1.0.0.pom
2018-10-10 22:53:42,166 [Worker-55] INFO  o.e.m.c.i.e.AbstractTransferListenerAdapter - Downloading http://maven.wso2.org/nexus/content/groups/wso2-public/org/apache/httpcomponents/wso2/httpcore/4.2.3.wso2v1/httpcore-4.2.3.wso2v1.pom
2018-10-10 22:53:42,409 [Worker-55] INFO  o.e.m.c.i.e.AbstractTransferListenerAdapter - Downloaded http://maven.wso2.org/nexus/content/groups/wso2-public/org/apache/httpcomponents/wso2/httpcore/4.2.3.wso2v1/httpcore-4.2.3.wso2v1.pom
2018-10-10 22:53:42,693 [Worker-55] INFO  o.e.m.c.i.e.AbstractTransferListenerAdapter - Downloading http://maven.wso2.org/nexus/content/groups/wso2-public/org/wso2/carbon/orbit-parent/4.1.0/orbit-parent-4.1.0.pom
2018-10-10 22:53:43,009 [Worker-55] INFO  o.e.m.c.i.e.AbstractTransferListenerAdapter - Downloaded http://maven.wso2.org/nexus/content/groups/wso2-public/org/wso2/carbon/orbit-parent/4.1.0/orbit-parent-4.1.0.pom
2018-10-10 22:53:43,310 [Worker-55] INFO  o.e.m.c.i.e.AbstractTransferListenerAdapter - Downloading http://maven.wso2.org/nexus/content/groups/wso2-public/commons-fileupload/wso2/commons-fileupload/1.2.0.wso2v1/commons-fileupload-1.2.0.wso2v1.pom
2018-10-10 22:53:43,548 [Worker-55] INFO  o.e.m.c.i.e.AbstractTransferListenerAdapter - Downloaded http://maven.wso2.org/nexus/content/groups/wso2-public/commons-fileupload/wso2/commons-fileupload/1.2.0.wso2v1/commons-fileupload-1.2.0.wso2v1.pom
2018-10-10 22:53:43,821 [Worker-55] INFO  o.e.m.c.i.e.AbstractTransferListenerAdapter - Downloading http://maven.wso2.org/nexus/content/groups/wso2-public/commons-codec/wso2/commons-codec/1.4.0.wso2v1/commons-codec-1.4.0.wso2v1.pom
2018-10-10 22:53:44,128 [Worker-55] INFO  o.e.m.c.i.e.AbstractTransferListenerAdapter - Downloaded http://maven.wso2.org/nexus/content/groups/wso2-public/commons-codec/wso2/commons-codec/1.4.0.wso2v1/commons-codec-1.4.0.wso2v1.pom
2018-10-10 22:53:44,633 [Worker-55] INFO  o.e.m.c.i.e.AbstractTransferListenerAdapter - Downloading http://maven.wso2.org/nexus/content/groups/wso2-public/org/wso2/carbon/orbit-parent/4.0.0/orbit-parent-4.0.0.pom
2018-10-10 22:53:44,961 [Worker-55] INFO  o.e.m.c.i.e.AbstractTransferListenerAdapter - Downloaded http://maven.wso2.org/nexus/content/groups/wso2-public/org/wso2/carbon/orbit-parent/4.0.0/orbit-parent-4.0.0.pom
2018-10-10 22:53:45,251 [Worker-55] INFO  o.e.m.c.i.e.AbstractTransferListenerAdapter - Downloading http://maven.wso2.org/nexus/content/groups/wso2-public/commons-httpclient/wso2/commons-httpclient/3.1.0.wso2v1/commons-httpclient-3.1.0.wso2v1.pom
2018-10-10 22:53:45,497 [Worker-55] INFO  o.e.m.c.i.e.AbstractTransferListenerAdapter - Downloaded http://maven.wso2.org/nexus/content/groups/wso2-public/commons-httpclient/wso2/commons-httpclient/3.1.0.wso2v1/commons-httpclient-3.1.0.wso2v1.pom
2018-10-10 22:53:45,757 [Worker-55] INFO  o.e.m.c.i.e.AbstractTransferListenerAdapter - Downloading http://maven.wso2.org/nexus/content/groups/wso2-public/org/apache/commons/ssl/not-yet-commons-ssl/0.3.9/not-yet-commons-ssl-0.3.9.pom
2018-10-10 22:53:46,001 [Worker-55] INFO  o.e.m.c.i.e.AbstractTransferListenerAdapter - Downloaded http://maven.wso2.org/nexus/content/groups/wso2-public/org/apache/commons/ssl/not-yet-commons-ssl/0.3.9/not-yet-commons-ssl-0.3.9.pom
2018-10-10 22:53:46,365 [Worker-55] INFO  o.e.m.c.i.e.AbstractTransferListenerAdapter - Downloading http://maven.wso2.org/nexus/content/groups/wso2-public/org/wso2/carbon/org.wso2.carbon.authenticator.stub/3.2.0/org.wso2.carbon.authenticator.stub-3.2.0.pom
2018-10-10 22:53:46,607 [Worker-55] INFO  o.e.m.c.i.e.AbstractTransferListenerAdapter - Downloaded http://maven.wso2.org/nexus/content/groups/wso2-public/org/wso2/carbon/org.wso2.carbon.authenticator.stub/3.2.0/org.wso2.carbon.authenticator.stub-3.2.0.pom
2018-10-10 22:53:47,183 [Worker-55] INFO  o.e.m.c.i.e.AbstractTransferListenerAdapter - Downloading http://maven.wso2.org/nexus/content/groups/wso2-public/org/wso2/carbon/service-stubs/3.2.0/service-stubs-3.2.0.pom
2018-10-10 22:53:47,416 [Worker-55] INFO  o.e.m.c.i.e.AbstractTransferListenerAdapter - Downloaded http://maven.wso2.org/nexus/content/groups/wso2-public/org/wso2/carbon/service-stubs/3.2.0/service-stubs-3.2.0.pom
2018-10-10 22:53:47,941 [Worker-55] INFO  o.e.m.c.i.e.AbstractTransferListenerAdapter - Downloading http://maven.wso2.org/nexus/content/groups/wso2-public/org/apache/axis2/wso2/axis2/1.6.1.wso2v3/axis2-1.6.1.wso2v3.pom
2018-10-10 22:53:48,222 [Worker-55] INFO  o.e.m.c.i.e.AbstractTransferListenerAdapter - Downloaded http://maven.wso2.org/nexus/content/groups/wso2-public/org/apache/axis2/wso2/axis2/1.6.1.wso2v3/axis2-1.6.1.wso2v3.pom
2018-10-10 22:53:48,521 [Worker-55] INFO  o.e.m.c.i.e.AbstractTransferListenerAdapter - Downloading http://maven.wso2.org/nexus/content/groups/wso2-public/org/apache/ws/commons/schema/XmlSchema/1.4.7-wso2v1/XmlSchema-1.4.7-wso2v1.pom
2018-10-10 22:53:48,762 [Worker-55] INFO  o.e.m.c.i.e.AbstractTransferListenerAdapter - Downloaded http://maven.wso2.org/nexus/content/groups/wso2-public/org/apache/ws/commons/schema/XmlSchema/1.4.7-wso2v1/XmlSchema-1.4.7-wso2v1.pom
2018-10-10 22:53:49,136 [Worker-55] INFO  o.e.m.c.i.e.AbstractTransferListenerAdapter - Downloading http://maven.wso2.org/nexus/content/groups/wso2-public/org/wso2/carbon/org.wso2.carbon.roles.mgt.stub/3.2.0/org.wso2.carbon.roles.mgt.stub-3.2.0.pom
2018-10-10 22:53:49,378 [Worker-55] INFO  o.e.m.c.i.e.AbstractTransferListenerAdapter - Downloaded http://maven.wso2.org/nexus/content/groups/wso2-public/org/wso2/carbon/org.wso2.carbon.roles.mgt.stub/3.2.0/org.wso2.carbon.roles.mgt.stub-3.2.0.pom
2018-10-10 22:53:50,043 [Worker-55] INFO  o.e.m.c.i.e.AbstractTransferListenerAdapter - Downloading http://maven.wso2.org/nexus/content/groups/wso2-public/org/wso2/maven/maven-car-plugin/2.1.1/maven-car-plugin-2.1.1.jar
2018-10-10 22:53:50,292 [Worker-55] INFO  o.e.m.c.i.e.AbstractTransferListenerAdapter - Downloaded http://maven.wso2.org/nexus/content/groups/wso2-public/org/wso2/maven/maven-car-plugin/2.1.1/maven-car-plugin-2.1.1.jar
2018-10-10 22:53:52,455 [Worker-55] INFO  o.e.m.c.i.e.AbstractTransferListenerAdapter - Downloading http://maven.wso2.org/nexus/content/groups/wso2-public/org/apache/geronimo/specs/wso2/geronimo-stax-api_1.0_spec/1.0.1.wso2v1/geronimo-stax-api_1.0_spec-1.0.1.wso2v1.jar
2018-10-10 22:53:53,184 [Worker-55] INFO  o.e.m.c.i.e.AbstractTransferListenerAdapter - Downloaded http://maven.wso2.org/nexus/content/groups/wso2-public/org/apache/geronimo/specs/wso2/geronimo-stax-api_1.0_spec/1.0.1.wso2v1/geronimo-stax-api_1.0_spec-1.0.1.wso2v1.jar
2018-10-10 22:53:53,878 [Worker-55] INFO  o.e.m.c.i.e.AbstractTransferListenerAdapter - Downloading http://maven.wso2.org/nexus/content/groups/wso2-public/org/apache/geronimo/specs/geronimo-stax-api_1.0_spec/1.0.1/geronimo-stax-api_1.0_spec-1.0.1.jar
2018-10-10 22:53:54,174 [Worker-55] INFO  o.e.m.c.i.e.AbstractTransferListenerAdapter - Downloaded http://maven.wso2.org/nexus/content/groups/wso2-public/org/apache/geronimo/specs/geronimo-stax-api_1.0_spec/1.0.1/geronimo-stax-api_1.0_spec-1.0.1.jar
2018-10-10 22:53:58,103 [Worker-55] INFO  o.e.m.c.i.e.AbstractTransferListenerAdapter - Downloading http://maven.wso2.org/nexus/content/groups/wso2-public/org/codehaus/woodstox/wstx-asl/3.2.9/wstx-asl-3.2.9.jar
2018-10-10 22:53:58,402 [Worker-55] INFO  o.e.m.c.i.e.AbstractTransferListenerAdapter - Downloaded http://maven.wso2.org/nexus/content/groups/wso2-public/org/codehaus/woodstox/wstx-asl/3.2.9/wstx-asl-3.2.9.jar
2018-10-10 22:53:59,185 [Worker-55] INFO  o.e.m.c.i.e.AbstractTransferListenerAdapter - Downloading http://maven.wso2.org/nexus/content/groups/wso2-public/org/wso2/maven/org.wso2.maven.capp/2.1.1/org.wso2.maven.capp-2.1.1.jar
2018-10-10 22:53:59,610 [Worker-55] INFO  o.e.m.c.i.e.AbstractTransferListenerAdapter - Downloaded http://maven.wso2.org/nexus/content/groups/wso2-public/org/wso2/maven/org.wso2.maven.capp/2.1.1/org.wso2.maven.capp-2.1.1.jar
2018-10-10 22:53:59,922 [Worker-55] INFO  o.e.m.c.i.e.AbstractTransferListenerAdapter - Downloading http://maven.wso2.org/nexus/content/groups/wso2-public/org/wso2/maven/org.wso2.maven.core/2.1.1/org.wso2.maven.core-2.1.1.jar
2018-10-10 22:54:00,209 [Worker-55] INFO  o.e.m.c.i.e.AbstractTransferListenerAdapter - Downloaded http://maven.wso2.org/nexus/content/groups/wso2-public/org/wso2/maven/org.wso2.maven.core/2.1.1/org.wso2.maven.core-2.1.1.jar
2018-10-10 22:54:00,523 [Worker-55] INFO  o.e.m.c.i.e.AbstractTransferListenerAdapter - Downloading http://maven.wso2.org/nexus/content/groups/wso2-public/org/wso2/maven/org.wso2.maven.utils/2.1.1/org.wso2.maven.utils-2.1.1.jar
2018-10-10 22:54:00,817 [Worker-55] INFO  o.e.m.c.i.e.AbstractTransferListenerAdapter - Downloaded http://maven.wso2.org/nexus/content/groups/wso2-public/org/wso2/maven/org.wso2.maven.utils/2.1.1/org.wso2.maven.utils-2.1.1.jar
2018-10-10 22:54:01,388 [Worker-55] INFO  o.e.m.c.i.e.AbstractTransferListenerAdapter - Downloading http://maven.wso2.org/nexus/content/groups/wso2-public/org/wso2/maven/maven-synapse-plugin/2.1.0/maven-synapse-plugin-2.1.0.jar
2018-10-10 22:54:01,668 [Worker-55] INFO  o.e.m.c.i.e.AbstractTransferListenerAdapter - Downloaded http://maven.wso2.org/nexus/content/groups/wso2-public/org/wso2/maven/maven-synapse-plugin/2.1.0/maven-synapse-plugin-2.1.0.jar
2018-10-10 22:54:02,925 [Worker-55] INFO  o.e.m.c.i.e.AbstractTransferListenerAdapter - Downloading http://maven.wso2.org/nexus/content/groups/wso2-public/org/wso2/maven/maven-stratos-plugin/2.1.0/maven-stratos-plugin-2.1.0.jar
2018-10-10 22:54:03,265 [Worker-55] INFO  o.e.m.c.i.e.AbstractTransferListenerAdapter - Downloaded http://maven.wso2.org/nexus/content/groups/wso2-public/org/wso2/maven/maven-stratos-plugin/2.1.0/maven-stratos-plugin-2.1.0.jar
2018-10-10 22:54:31,868 [Worker-55] INFO  o.e.m.c.i.e.AbstractTransferListenerAdapter - Downloading http://maven.wso2.org/nexus/content/groups/wso2-public/org/apache/axis2/wso2/axis2-client/1.6.1.wso2v9/axis2-client-1.6.1.wso2v9.jar
2018-10-10 22:54:32,363 [Worker-55] INFO  o.e.m.c.i.e.AbstractTransferListenerAdapter - Downloaded http://maven.wso2.org/nexus/content/groups/wso2-public/org/apache/axis2/wso2/axis2-client/1.6.1.wso2v9/axis2-client-1.6.1.wso2v9.jar
2018-10-10 22:54:33,762 [Worker-55] INFO  o.e.m.c.i.e.AbstractTransferListenerAdapter - Downloading http://maven.wso2.org/nexus/content/groups/wso2-public/org/apache/ws/commons/schema/wso2/XmlSchema/1.4.7.wso2v1/XmlSchema-1.4.7.wso2v1.jar
2018-10-10 22:54:34,024 [Worker-55] INFO  o.e.m.c.i.e.AbstractTransferListenerAdapter - Downloaded http://maven.wso2.org/nexus/content/groups/wso2-public/org/apache/ws/commons/schema/wso2/XmlSchema/1.4.7.wso2v1/XmlSchema-1.4.7.wso2v1.jar
2018-10-10 22:54:35,728 [Worker-55] INFO  o.e.m.c.i.e.AbstractTransferListenerAdapter - Downloading http://maven.wso2.org/nexus/content/groups/wso2-public/org/apache/neethi/wso2/neethi/2.0.4.wso2v3/neethi-2.0.4.wso2v3.jar
2018-10-10 22:54:35,962 [Worker-55] INFO  o.e.m.c.i.e.AbstractTransferListenerAdapter - Downloaded http://maven.wso2.org/nexus/content/groups/wso2-public/org/apache/neethi/wso2/neethi/2.0.4.wso2v3/neethi-2.0.4.wso2v3.jar
2018-10-10 22:54:36,691 [Worker-55] INFO  o.e.m.c.i.e.AbstractTransferListenerAdapter - Downloading http://maven.wso2.org/nexus/content/groups/wso2-public/org/apache/axis2/wso2/axis2-json/1.6.1.wso2v9/axis2-json-1.6.1.wso2v9.jar
2018-10-10 22:54:37,136 [Worker-55] INFO  o.e.m.c.i.e.AbstractTransferListenerAdapter - Downloaded http://maven.wso2.org/nexus/content/groups/wso2-public/org/apache/axis2/wso2/axis2-json/1.6.1.wso2v9/axis2-json-1.6.1.wso2v9.jar
2018-10-10 22:54:39,593 [Worker-55] INFO  o.e.m.c.i.e.AbstractTransferListenerAdapter - Downloading http://maven.wso2.org/nexus/content/groups/wso2-public/org/apache/woden/wso2/woden/1.0.0.M8-wso2v1/woden-1.0.0.M8-wso2v1.jar
2018-10-10 22:54:39,938 [Worker-55] INFO  o.e.m.c.i.e.AbstractTransferListenerAdapter - Downloaded http://maven.wso2.org/nexus/content/groups/wso2-public/org/apache/woden/wso2/woden/1.0.0.M8-wso2v1/woden-1.0.0.M8-wso2v1.jar
2018-10-10 22:54:41,575 [Worker-55] INFO  o.e.m.c.i.e.AbstractTransferListenerAdapter - Downloading http://maven.wso2.org/nexus/content/groups/wso2-public/wsdl4j/wso2/wsdl4j/1.6.2.wso2v2/wsdl4j-1.6.2.wso2v2.jar
2018-10-10 22:54:41,897 [Worker-55] INFO  o.e.m.c.i.e.AbstractTransferListenerAdapter - Downloaded http://maven.wso2.org/nexus/content/groups/wso2-public/wsdl4j/wso2/wsdl4j/1.6.2.wso2v2/wsdl4j-1.6.2.wso2v2.jar
2018-10-10 22:54:43,363 [Worker-55] INFO  o.e.m.c.i.e.AbstractTransferListenerAdapter - Downloading http://maven.wso2.org/nexus/content/groups/wso2-public/wsdl4j/wsdl4j/1.6.2/wsdl4j-1.6.2.jar
2018-10-10 22:54:43,645 [Worker-55] INFO  o.e.m.c.i.e.AbstractTransferListenerAdapter - Downloaded http://maven.wso2.org/nexus/content/groups/wso2-public/wsdl4j/wsdl4j/1.6.2/wsdl4j-1.6.2.jar
2018-10-10 22:54:44,635 [Worker-55] INFO  o.e.m.c.i.e.AbstractTransferListenerAdapter - Downloading http://maven.wso2.org/nexus/content/groups/wso2-public/org/wso2/securevault/org.wso2.securevault/1.0.0/org.wso2.securevault-1.0.0.jar
2018-10-10 22:54:44,955 [Worker-55] INFO  o.e.m.c.i.e.AbstractTransferListenerAdapter - Downloaded http://maven.wso2.org/nexus/content/groups/wso2-public/org/wso2/securevault/org.wso2.securevault/1.0.0/org.wso2.securevault-1.0.0.jar
2018-10-10 22:54:47,122 [Worker-55] INFO  o.e.m.c.i.e.AbstractTransferListenerAdapter - Downloading http://maven.wso2.org/nexus/content/groups/wso2-public/org/apache/httpcomponents/wso2/httpcore/4.2.3.wso2v1/httpcore-4.2.3.wso2v1.jar
2018-10-10 22:54:47,421 [Worker-55] INFO  o.e.m.c.i.e.AbstractTransferListenerAdapter - Downloaded http://maven.wso2.org/nexus/content/groups/wso2-public/org/apache/httpcomponents/wso2/httpcore/4.2.3.wso2v1/httpcore-4.2.3.wso2v1.jar
2018-10-10 22:54:48,151 [Worker-55] INFO  o.e.m.c.i.e.AbstractTransferListenerAdapter - Downloading http://maven.wso2.org/nexus/content/groups/wso2-public/commons-fileupload/wso2/commons-fileupload/1.2.0.wso2v1/commons-fileupload-1.2.0.wso2v1.jar
2018-10-10 22:54:48,434 [Worker-55] INFO  o.e.m.c.i.e.AbstractTransferListenerAdapter - Downloaded http://maven.wso2.org/nexus/content/groups/wso2-public/commons-fileupload/wso2/commons-fileupload/1.2.0.wso2v1/commons-fileupload-1.2.0.wso2v1.jar
2018-10-10 22:54:49,183 [Worker-55] INFO  o.e.m.c.i.e.AbstractTransferListenerAdapter - Downloading http://maven.wso2.org/nexus/content/groups/wso2-public/commons-codec/wso2/commons-codec/1.4.0.wso2v1/commons-codec-1.4.0.wso2v1.jar
2018-10-10 22:54:49,458 [Worker-55] INFO  o.e.m.c.i.e.AbstractTransferListenerAdapter - Downloaded http://maven.wso2.org/nexus/content/groups/wso2-public/commons-codec/wso2/commons-codec/1.4.0.wso2v1/commons-codec-1.4.0.wso2v1.jar
2018-10-10 22:54:55,580 [Worker-55] INFO  o.e.m.c.i.e.AbstractTransferListenerAdapter - Downloading http://maven.wso2.org/nexus/content/groups/wso2-public/commons-httpclient/wso2/commons-httpclient/3.1.0.wso2v1/commons-httpclient-3.1.0.wso2v1.jar
2018-10-10 22:54:55,923 [Worker-55] INFO  o.e.m.c.i.e.AbstractTransferListenerAdapter - Downloaded http://maven.wso2.org/nexus/content/groups/wso2-public/commons-httpclient/wso2/commons-httpclient/3.1.0.wso2v1/commons-httpclient-3.1.0.wso2v1.jar
2018-10-10 22:54:58,989 [Worker-55] INFO  o.e.m.c.i.e.AbstractTransferListenerAdapter - Downloading http://maven.wso2.org/nexus/content/groups/wso2-public/org/apache/commons/ssl/not-yet-commons-ssl/0.3.9/not-yet-commons-ssl-0.3.9.jar
2018-10-10 22:54:59,302 [Worker-55] INFO  o.e.m.c.i.e.AbstractTransferListenerAdapter - Downloaded http://maven.wso2.org/nexus/content/groups/wso2-public/org/apache/commons/ssl/not-yet-commons-ssl/0.3.9/not-yet-commons-ssl-0.3.9.jar
2018-10-10 22:55:00,752 [Worker-55] INFO  o.e.m.c.i.e.AbstractTransferListenerAdapter - Downloading http://maven.wso2.org/nexus/content/groups/wso2-public/org/wso2/carbon/org.wso2.carbon.authenticator.stub/3.2.0/org.wso2.carbon.authenticator.stub-3.2.0.jar
2018-10-10 22:55:01,060 [Worker-55] INFO  o.e.m.c.i.e.AbstractTransferListenerAdapter - Downloaded http://maven.wso2.org/nexus/content/groups/wso2-public/org/wso2/carbon/org.wso2.carbon.authenticator.stub/3.2.0/org.wso2.carbon.authenticator.stub-3.2.0.jar
2018-10-10 22:55:44,486 [Worker-55] INFO  o.e.m.c.i.e.AbstractTransferListenerAdapter - Downloading http://maven.wso2.org/nexus/content/groups/wso2-public/org/apache/axis2/wso2/axis2/1.6.1.wso2v3/axis2-1.6.1.wso2v3.jar
2018-10-10 22:55:45,275 [Worker-55] INFO  o.e.m.c.i.e.AbstractTransferListenerAdapter - Downloaded http://maven.wso2.org/nexus/content/groups/wso2-public/org/apache/axis2/wso2/axis2/1.6.1.wso2v3/axis2-1.6.1.wso2v3.jar
2018-10-10 22:55:47,532 [Worker-55] INFO  o.e.m.c.i.e.AbstractTransferListenerAdapter - Downloading http://maven.wso2.org/nexus/content/groups/wso2-public/org/wso2/carbon/org.wso2.carbon.roles.mgt.stub/3.2.0/org.wso2.carbon.roles.mgt.stub-3.2.0.jar
2018-10-10 22:55:47,833 [Worker-55] INFO  o.e.m.c.i.e.AbstractTransferListenerAdapter - Downloaded http://maven.wso2.org/nexus/content/groups/wso2-public/org/wso2/carbon/org.wso2.carbon.roles.mgt.stub/3.2.0/org.wso2.carbon.roles.mgt.stub-3.2.0.jar
2018-10-10 22:55:50,374 [Worker-55] INFO  o.e.m.c.i.e.AbstractTransferListenerAdapter - Downloading http://maven.wso2.org/nexus/content/groups/wso2-public/org/wso2/maven/maven-car-deploy-plugin/1.1.1/maven-car-deploy-plugin-1.1.1.pom
2018-10-10 22:55:50,684 [Worker-55] INFO  o.e.m.c.i.e.AbstractTransferListenerAdapter - Downloaded http://maven.wso2.org/nexus/content/groups/wso2-public/org/wso2/maven/maven-car-deploy-plugin/1.1.1/maven-car-deploy-plugin-1.1.1.pom
2018-10-10 22:55:53,355 [Worker-55] INFO  o.e.m.c.i.e.AbstractTransferListenerAdapter - Downloading http://maven.wso2.org/nexus/content/groups/wso2-public/org/wso2/maven/maven-car-deploy-plugin/1.1.1/maven-car-deploy-plugin-1.1.1.jar
2018-10-10 22:55:53,676 [Worker-55] INFO  o.e.m.c.i.e.AbstractTransferListenerAdapter - Downloaded http://maven.wso2.org/nexus/content/groups/wso2-public/org/wso2/maven/maven-car-deploy-plugin/1.1.1/maven-car-deploy-plugin-1.1.1.jar
2018-10-10 22:55:55,352 [Worker-55] INFO  o.e.m.c.i.e.AbstractTransferListenerAdapter - Downloading http://maven.wso2.org/nexus/content/groups/wso2-public/org/apache/ws/commons/schema/XmlSchema/1.4.7-wso2v1/XmlSchema-1.4.7-wso2v1.jar
2018-10-10 22:55:55,610 [Worker-55] INFO  o.e.m.c.i.e.AbstractTransferListenerAdapter - Downloaded http://maven.wso2.org/nexus/content/groups/wso2-public/org/apache/ws/commons/schema/XmlSchema/1.4.7-wso2v1/XmlSchema-1.4.7-wso2v1.jar
2018-10-10 22:55:57,246 [Worker-55] INFO  o.e.m.c.i.e.AbstractTransferListenerAdapter - Downloading http://maven.wso2.org/nexus/content/groups/wso2-public/org/apache/httpcomponents/httpcore/4.1/httpcore-4.1.jar
2018-10-10 22:55:57,554 [Worker-55] INFO  o.e.m.c.i.e.AbstractTransferListenerAdapter - Downloaded http://maven.wso2.org/nexus/content/groups/wso2-public/org/apache/httpcomponents/httpcore/4.1/httpcore-4.1.jar
2018-10-10 22:55:59,076 [Worker-55] INFO  o.e.m.c.i.e.AbstractTransferListenerAdapter - Downloaded http://maven.wso2.org/nexus/content/groups/wso2-public/com/example/quotations/api/QuotationsApi/1.0.0/QuotationsApi-1.0.0.pom
2018-10-10 22:55:59,629 [Worker-55] INFO  o.e.m.c.i.e.AbstractTransferListenerAdapter - Downloaded http://dist.wso2.org/maven2/com/example/quotations/api/QuotationsApi/1.0.0/QuotationsApi-1.0.0.pom
2018-10-10 22:56:00,403 [Worker-55] INFO  o.e.m.c.i.e.AbstractTransferListenerAdapter - Downloaded https://repo.maven.apache.org/maven2/com/example/quotations/api/QuotationsApi/1.0.0/QuotationsApi-1.0.0.pom
2018-10-10 22:56:00,407 [Worker-55] WARN  o.e.m.c.i.embedder.EclipseLogger - The POM for com.example.quotations.api:QuotationsApi:xml:1.0.0 is missing, no dependency information available
2018-10-10 22:56:01,837 [Worker-55] INFO  o.e.m.c.i.e.AbstractTransferListenerAdapter - Downloaded http://maven.wso2.org/nexus/content/groups/wso2-public/com/example/quotations/api/QuotationsApi/1.0.0/QuotationsApi-1.0.0.xml
2018-10-10 22:56:02,062 [Worker-55] INFO  o.e.m.c.i.e.AbstractTransferListenerAdapter - Downloaded http://dist.wso2.org/maven2/com/example/quotations/api/QuotationsApi/1.0.0/QuotationsApi-1.0.0.xml
2018-10-10 22:56:02,451 [Worker-55] INFO  o.e.m.c.i.e.AbstractTransferListenerAdapter - Downloaded https://repo.maven.apache.org/maven2/com/example/quotations/api/QuotationsApi/1.0.0/QuotationsApi-1.0.0.xml
2018-10-10 22:56:02,486 [Worker-55] WARN  o.e.m.c.i.embedder.EclipseLogger - The POM for com.example.quotations.api:QuotationsApi:xml:1.0.0 is missing, no dependency information available
2018-10-11 00:56:31,401 [Worker-2] INFO  c.g.t.t.d.PublishedGradleVersions - Gradle version information cache is up-to-date. Trying to read.
2018-10-11 00:56:39,657 [Worker-1] INFO  org.eclipse.jetty.util.log - Logging initialized @30760ms to org.eclipse.jetty.util.log.Slf4jLog
2018-10-11 00:56:39,833 [Worker-1] INFO  org.eclipse.jetty.server.Server - jetty-9.4.8.v20171121, build timestamp: 2017-11-21T23:27:37+02:00, git hash: 82b8fb23f757335bb3329d540ce37a2a2615f0a8
2018-10-11 00:56:39,897 [Worker-1] INFO  org.eclipse.jetty.server.session - DefaultSessionIdManager workerName=node0
2018-10-11 00:56:39,897 [Worker-1] INFO  org.eclipse.jetty.server.session - No SessionScavenger set, using defaults
2018-10-11 00:56:39,900 [Worker-1] INFO  org.eclipse.jetty.server.session - Scavenging every 600000ms
2018-10-11 00:56:39,928 [Worker-1] INFO  o.e.j.server.handler.ContextHandler - Started o.e.j.s.ServletContextHandler@c37e359{/welcome,file:///D:/work/wso2/bobi/eclipse/configuration/org.eclipse.osgi/1178/0/.cp/TemplateDash/,AVAILABLE}
2018-10-11 00:56:39,929 [Worker-1] INFO  o.e.j.server.handler.ContextHandler - Started o.e.j.s.ServletContextHandler@180eed72{/servlet,null,AVAILABLE}
2018-10-11 00:56:39,977 [Worker-1] INFO  o.e.jetty.server.AbstractConnector - Started ServerConnector@399e0d{HTTP/1.1,[http/1.1]}{0.0.0.0:7774}
2018-10-11 00:56:39,978 [Worker-1] INFO  org.eclipse.jetty.server.Server - Started @31082ms
2018-10-11 09:41:30,952 [Worker-3] INFO  c.g.t.t.d.PublishedGradleVersions - Gradle version information cache is up-to-date. Trying to read.
2018-10-11 09:41:42,294 [Worker-10] INFO  org.eclipse.jetty.util.log - Logging initialized @36718ms to org.eclipse.jetty.util.log.Slf4jLog
2018-10-11 09:41:42,551 [Worker-10] INFO  org.eclipse.jetty.server.Server - jetty-9.4.8.v20171121, build timestamp: 2017-11-21T23:27:37+02:00, git hash: 82b8fb23f757335bb3329d540ce37a2a2615f0a8
2018-10-11 09:41:42,618 [Worker-10] INFO  org.eclipse.jetty.server.session - DefaultSessionIdManager workerName=node0
2018-10-11 09:41:42,619 [Worker-10] INFO  org.eclipse.jetty.server.session - No SessionScavenger set, using defaults
2018-10-11 09:41:42,622 [Worker-10] INFO  org.eclipse.jetty.server.session - Scavenging every 660000ms
2018-10-11 09:41:42,647 [Worker-10] INFO  o.e.j.server.handler.ContextHandler - Started o.e.j.s.ServletContextHandler@4e02f5c3{/welcome,file:///D:/work/wso2/bobi/eclipse/configuration/org.eclipse.osgi/1178/0/.cp/TemplateDash/,AVAILABLE}
2018-10-11 09:41:42,649 [Worker-10] INFO  o.e.j.server.handler.ContextHandler - Started o.e.j.s.ServletContextHandler@78b9c237{/servlet,null,AVAILABLE}
2018-10-11 09:41:42,787 [Worker-10] INFO  o.e.jetty.server.AbstractConnector - Started ServerConnector@5ca2ad7f{HTTP/1.1,[http/1.1]}{0.0.0.0:7774}
2018-10-11 09:41:42,787 [Worker-10] INFO  org.eclipse.jetty.server.Server - Started @37212ms
2018-10-11 14:06:33,274 [Worker-3] INFO  c.g.t.t.d.PublishedGradleVersions - Gradle version information cache is up-to-date. Trying to read.
2018-10-11 14:06:38,447 [Worker-6] INFO  org.eclipse.jetty.util.log - Logging initialized @29586ms to org.eclipse.jetty.util.log.Slf4jLog
2018-10-11 14:06:38,634 [Worker-6] INFO  org.eclipse.jetty.server.Server - jetty-9.4.8.v20171121, build timestamp: 2017-11-21T23:27:37+02:00, git hash: 82b8fb23f757335bb3329d540ce37a2a2615f0a8
2018-10-11 14:06:38,691 [Worker-6] INFO  org.eclipse.jetty.server.session - DefaultSessionIdManager workerName=node0
2018-10-11 14:06:38,692 [Worker-6] INFO  org.eclipse.jetty.server.session - No SessionScavenger set, using defaults
2018-10-11 14:06:38,695 [Worker-6] INFO  org.eclipse.jetty.server.session - Scavenging every 660000ms
2018-10-11 14:06:38,715 [Worker-6] INFO  o.e.j.server.handler.ContextHandler - Started o.e.j.s.ServletContextHandler@2f047f8b{/welcome,file:///D:/work/wso2/bobi/eclipse/configuration/org.eclipse.osgi/1178/0/.cp/TemplateDash/,AVAILABLE}
2018-10-11 14:06:38,716 [Worker-6] INFO  o.e.j.server.handler.ContextHandler - Started o.e.j.s.ServletContextHandler@4489a1a0{/servlet,null,AVAILABLE}
2018-10-11 14:06:38,773 [Worker-6] INFO  o.e.jetty.server.AbstractConnector - Started ServerConnector@3a4bfb41{HTTP/1.1,[http/1.1]}{0.0.0.0:7774}
2018-10-11 14:06:38,774 [Worker-6] INFO  org.eclipse.jetty.server.Server - Started @29913ms
2018-10-11 20:24:29,944 [Worker-5] INFO  c.g.t.t.d.PublishedGradleVersions - Gradle version information cache is up-to-date. Trying to read.
2018-10-11 20:24:37,132 [Worker-9] INFO  org.eclipse.jetty.util.log - Logging initialized @34253ms to org.eclipse.jetty.util.log.Slf4jLog
2018-10-11 20:24:37,298 [Worker-9] INFO  org.eclipse.jetty.server.Server - jetty-9.4.8.v20171121, build timestamp: 2017-11-21T23:27:37+02:00, git hash: 82b8fb23f757335bb3329d540ce37a2a2615f0a8
2018-10-11 20:24:37,352 [Worker-9] INFO  org.eclipse.jetty.server.session - DefaultSessionIdManager workerName=node0
2018-10-11 20:24:37,352 [Worker-9] INFO  org.eclipse.jetty.server.session - No SessionScavenger set, using defaults
2018-10-11 20:24:37,354 [Worker-9] INFO  org.eclipse.jetty.server.session - Scavenging every 600000ms
2018-10-11 20:24:37,374 [Worker-9] INFO  o.e.j.server.handler.ContextHandler - Started o.e.j.s.ServletContextHandler@2c91ebc4{/welcome,file:///D:/work/wso2/bobi/eclipse/configuration/org.eclipse.osgi/1178/0/.cp/TemplateDash/,AVAILABLE}
2018-10-11 20:24:37,376 [Worker-9] INFO  o.e.j.server.handler.ContextHandler - Started o.e.j.s.ServletContextHandler@1a6e5b67{/servlet,null,AVAILABLE}
2018-10-11 20:24:37,434 [Worker-9] INFO  o.e.jetty.server.AbstractConnector - Started ServerConnector@3343c031{HTTP/1.1,[http/1.1]}{0.0.0.0:7774}
2018-10-11 20:24:37,435 [Worker-9] INFO  org.eclipse.jetty.server.Server - Started @34557ms
